2024-01-31 21:50:48,351 [Worker-2: Loading available Gradle versions] INFO  o.e.b.c.i.u.g.PublishedGradleVersions - Gradle version information cache is up-to-date. Trying to read.
2024-01-31 21:51:13,695 [Worker-8: Creating project "OWASP"] INFO  o.e.m.c.i.l.LifecycleMappingFactory - Using org.eclipse.m2e.jdt.JarLifecycleMapping lifecycle mapping for MavenProject: OWASP:OWASP:0.0.1-SNAPSHOT @ D:\Automation Projects\OWASP JS\OWASP\pom.xml.
2024-01-31 21:51:16,640 [Worker-8: Creating project "OWASP"] INFO  o.e.m.j.i.AbstractJavaProjectConfigurator - Adding source folder /OWASP/src/main/java
2024-01-31 21:51:16,643 [Worker-8: Creating project "OWASP"] INFO  o.e.m.j.i.AbstractJavaProjectConfigurator - Adding resource folder /OWASP/src/main/resources
2024-01-31 21:51:16,646 [Worker-8: Creating project "OWASP"] INFO  o.e.m.j.i.AbstractJavaProjectConfigurator - Adding source folder /OWASP/src/test/java
2024-01-31 21:51:16,647 [Worker-8: Creating project "OWASP"] INFO  o.e.m.j.i.AbstractJavaProjectConfigurator - Adding resource folder /OWASP/src/test/resources
2024-01-31 21:51:18,405 [Worker-14: Building] WARN  o.a.m.s.f.DefaultMavenResourcesFiltering - Using platform encoding (Cp1252 actually) to copy filtered resources, i.e. build is platform dependent!
2024-01-31 21:51:18,416 [Worker-14: Building] INFO  o.a.m.s.f.DefaultMavenResourcesFiltering - Copying 0 resource from src\main\resources to target\classes
2024-01-31 21:51:18,424 [Worker-14: Building] WARN  o.a.m.s.f.DefaultMavenResourcesFiltering - Using platform encoding (Cp1252 actually) to copy filtered resources, i.e. build is platform dependent!
2024-01-31 21:51:18,426 [Worker-14: Building] INFO  o.a.m.s.f.DefaultMavenResourcesFiltering - Copying 0 resource from src\test\resources to target\test-classes
2024-01-31 21:52:14,584 [Worker-15: Building] WARN  o.a.m.s.f.DefaultMavenResourcesFiltering - Using platform encoding (Cp1252 actually) to copy filtered resources, i.e. build is platform dependent!
2024-01-31 21:52:14,588 [Worker-15: Building] INFO  o.a.m.s.f.DefaultMavenResourcesFiltering - Copying 0 resource from src\main\resources to target\classes
2024-01-31 21:52:14,591 [Worker-15: Building] WARN  o.a.m.s.f.DefaultMavenResourcesFiltering - Using platform encoding (Cp1252 actually) to copy filtered resources, i.e. build is platform dependent!
2024-01-31 21:52:14,592 [Worker-15: Building] INFO  o.a.m.s.f.DefaultMavenResourcesFiltering - Copying 0 resource from src\test\resources to target\test-classes
2024-01-31 21:52:44,738 [Worker-20: Building] INFO  o.e.m.c.i.l.LifecycleMappingFactory - Using org.eclipse.m2e.jdt.JarLifecycleMapping lifecycle mapping for MavenProject: OWASP:OWASP:0.0.1-SNAPSHOT @ D:\Automation Projects\OWASP JS\OWASP\pom.xml.
2024-01-31 21:52:50,301 [Worker-20: Building] WARN  o.a.m.s.f.DefaultMavenResourcesFiltering - Using platform encoding (Cp1252 actually) to copy filtered resources, i.e. build is platform dependent!
2024-01-31 21:52:50,304 [Worker-20: Building] INFO  o.a.m.s.f.DefaultMavenResourcesFiltering - Copying 0 resource from src\main\resources to target\classes
2024-01-31 21:52:50,308 [Worker-20: Building] WARN  o.a.m.s.f.DefaultMavenResourcesFiltering - Using platform encoding (Cp1252 actually) to copy filtered resources, i.e. build is platform dependent!
2024-01-31 21:52:50,310 [Worker-20: Building] INFO  o.a.m.s.f.DefaultMavenResourcesFiltering - Copying 0 resource from src\test\resources to target\test-classes
2024-01-31 21:52:52,227 [Worker-13: Building] INFO  o.e.m.c.i.l.LifecycleMappingFactory - Using org.eclipse.m2e.jdt.JarLifecycleMapping lifecycle mapping for MavenProject: OWASP:OWASP:0.0.1-SNAPSHOT @ D:\Automation Projects\OWASP JS\OWASP\pom.xml.
2024-01-31 21:52:53,031 [Worker-13: Building] WARN  o.a.m.s.f.DefaultMavenResourcesFiltering - Using platform encoding (Cp1252 actually) to copy filtered resources, i.e. build is platform dependent!
2024-01-31 21:52:53,034 [Worker-13: Building] INFO  o.a.m.s.f.DefaultMavenResourcesFiltering - Copying 0 resource from src\main\resources to target\classes
2024-01-31 21:52:53,039 [Worker-13: Building] WARN  o.a.m.s.f.DefaultMavenResourcesFiltering - Using platform encoding (Cp1252 actually) to copy filtered resources, i.e. build is platform dependent!
2024-01-31 21:52:53,041 [Worker-13: Building] INFO  o.a.m.s.f.DefaultMavenResourcesFiltering - Copying 0 resource from src\test\resources to target\test-classes
